{
  "RSpec": {
    "coverage": {
      "/home/martin/Laboratorio IV/entrega1/spec/bcrypt_spec.rb": [
        1,
        null,
        1,
        4,
        2,
        null,
        1,
        1,
        1,
        null,
        null,
        1,
        1,
        1,
        null,
        null,
        1,
        1,
        null,
        null
      ],
      "/home/martin/Laboratorio IV/entrega1/bcrypt.rb": [
        1,
        1,
        null,
        null,
        null,
        null,
        1,
        1,
        3,
        null,
        null,
        1,
        12,
        null,
        null,
        1,
        6,
        null,
        null
      ],
      "/home/martin/Laboratorio IV/entrega1/spec/caesar_cipher_spec.rb": [
        1,
        null,
        1,
        4,
        2,
        null,
        1,
        1,
        null,
        null,
        1,
        1,
        1,
        null,
        null,
        1,
        1,
        null,
        null
      ],
      "/home/martin/Laboratorio IV/entrega1/caesar_cipher.rb": [
        null,
        null,
        null,
        null,
        1,
        1,
        5,
        5,
        5,
        5,
        null,
        null,
        1,
        2,
        null,
        null,
        1,
        3,
        null,
        null,
        1,
        2,
        null,
        null,
        1,
        1,
        2,
        null,
        null
      ],
      "/home/martin/Laboratorio IV/entrega1/spec/manager_de_usuario_spec.rb": [
        1,
        1,
        null,
        null,
        null,
        1,
        8,
        null,
        1,
        2,
        null,
        2,
        null,
        null,
        null,
        1,
        1,
        null,
        null,
        1,
        1,
        null,
        1,
        1,
        1,
        null,
        1,
        1,
        1,
        null,
        null,
        1,
        2,
        null,
        null,
        1,
        null,
        2,
        null,
        null,
        1,
        2,
        null,
        null,
        1,
        null,
        2,
        null,
        null,
        1,
        2,
        null,
        null,
        2,
        null,
        null,
        1,
        2,
        null,
        null,
        2,
        null,
        null
      ],
      "/home/martin/Laboratorio IV/entrega1/manager_de_usuario.rb": [
        1,
        1,
        1,
        1,
        1,
        null,
        null,
        1,
        1,
        1,
        7,
        7,
        7,
        null,
        null,
        1,
        4,
        4,
        4,
        4,
        2,
        null,
        null,
        null,
        1,
        5,
        null,
        null,
        null,
        1,
        2,
        null,
        2,
        2,
        null,
        null,
        1,
        9,
        9,
        null,
        null,
        1,
        4,
        4,
        null,
        null,
        1,
        1,
        null,
        null,
        1,
        1,
        null,
        null,
        1,
        7,
        null,
        null,
        1,
        31,
        null,
        null
      ],
      "/home/martin/Laboratorio IV/entrega1/usuario.rb": [
        null,
        1,
        1,
        1,
        1,
        12,
        12,
        12,
        null,
        null
      ],
      "/home/martin/Laboratorio IV/entrega1/texto_plano.rb": [
        null,
        null,
        null,
        null,
        1,
        1,
        2,
        null,
        null,
        1,
        3,
        null,
        null,
        1,
        2,
        null,
        null
      ],
      "/home/martin/Laboratorio IV/entrega1/excepcion.rb": [
        1,
        1,
        2,
        null,
        null,
        null,
        1,
        1,
        2,
        null,
        null,
        null,
        1,
        1,
        1,
        null,
        null
      ],
      "/home/martin/Laboratorio IV/entrega1/spec/sesion_spec.rb": [
        1,
        1,
        1,
        null,
        1,
        5,
        4,
        null,
        1,
        1,
        null,
        null,
        1,
        1,
        1,
        null,
        null,
        null,
        1,
        1,
        1,
        null,
        1,
        1,
        null,
        null,
        1,
        1,
        null,
        1,
        null,
        1,
        null,
        null,
        null
      ],
      "/home/martin/Laboratorio IV/entrega1/sesion.rb": [
        null,
        1,
        1,
        1,
        4,
        null,
        null,
        1,
        3,
        null,
        null,
        1,
        5,
        null,
        null,
        1,
        6,
        null,
        null
      ],
      "/home/martin/Laboratorio IV/entrega1/spec/texto_plano_spec.rb": [
        1,
        null,
        1,
        4,
        2,
        null,
        1,
        1,
        null,
        null,
        1,
        1,
        1,
        null,
        null,
        1,
        1,
        null,
        null
      ]
    },
    "timestamp": 1460919466
  }
}
